{"name": "Signup using valid mobile number invalid OTP9", "status": "broken", "statusDetails": {"message": "selenium.common.exceptions.NoSuchElementException: Message: no such element: Unable to locate element: {\"method\":\"xpath\",\"selector\":\"//h6[@class='css-nmgvwj-H6-StyledH6 e1l7v5xe2']\"}\n  (Session info: chrome=111.0.5563.64)\nStacktrace:\nBacktrace:\n\t(No symbol) [0x0118DCE3]\n\t(No symbol) [0x011239D1]\n\t(No symbol) [0x01034DA8]\n\t(No symbol) [0x0106019F]\n\t(No symbol) [0x010603AB]\n\t(No symbol) [0x0108EE62]\n\t(No symbol) [0x0107AF14]\n\t(No symbol) [0x0108D57C]\n\t(No symbol) [0x0107ACC6]\n\t(No symbol) [0x01056F68]\n\t(No symbol) [0x010580CD]\n\tGetHandleVerifier [0x01403832+2506274]\n\tGetHandleVerifier [0x01439794+2727300]\n\tGetHandleVerifier [0x0143E36C+2746716]\n\tGetHandleVerifier [0x01236690+617600]\n\t(No symbol) [0x0112C712]\n\t(No symbol) [0x01131FF8]\n\t(No symbol) [0x011320DB]\n\t(No symbol) [0x0113C63B]\n\tBaseThreadInitThunk [0x75DA6BD9+25]\n\tRtlGetFullPathName_UEx [0x772A8FD2+1218]\n\tRtlGetFullPathName_UEx [0x772A8F9D+1165]\n\n", "trace": "  File \"C:\\Users\\RAMPRK\\PycharmProjects\\pythonBDD\\venv\\Lib\\site-packages\\behave\\model.py\", line 1329, in run\n    match.run(runner.context)\n  File \"C:\\Users\\RAMPRK\\PycharmProjects\\pythonBDD\\venv\\Lib\\site-packages\\behave\\matchers.py\", line 98, in run\n    self.func(context, *args, **kwargs)\n  File \"features\\steps\\signin.py\", line 23, in step_impl\n    context.driver.find_element(By.XPATH, \"//h6[@class='css-nmgvwj-H6-StyledH6 e1l7v5xe2']\").click()\n    ^^^^^^^^^^^^^^^^^^^^^^^^^^^^^^^^^^^^^^^^^^^^^^^^^^^^^^^^^^^^^^^^^^^^^^^^^^^^^^^^^^^^^^^^\n  File \"C:\\Users\\RAMPRK\\PycharmProjects\\pythonBDD\\venv\\Lib\\site-packages\\selenium\\webdriver\\remote\\webdriver.py\", line 830, in find_element\n    return self.execute(Command.FIND_ELEMENT, {\"using\": by, \"value\": value})[\"value\"]\n           ^^^^^^^^^^^^^^^^^^^^^^^^^^^^^^^^^^^^^^^^^^^^^^^^^^^^^^^^^^^^^^^^^\n  File \"C:\\Users\\RAMPRK\\PycharmProjects\\pythonBDD\\venv\\Lib\\site-packages\\selenium\\webdriver\\remote\\webdriver.py\", line 440, in execute\n    self.error_handler.check_response(response)\n  File \"C:\\Users\\RAMPRK\\PycharmProjects\\pythonBDD\\venv\\Lib\\site-packages\\selenium\\webdriver\\remote\\errorhandler.py\", line 245, in check_response\n    raise exception_class(message, screen, stacktrace)\n"}, "steps": [{"name": "Given The browser is opened and the website is loaded", "status": "passed", "start": 1678777653419, "stop": 1678777661359}, {"name": "When The Login button on the website is clicked", "status": "passed", "start": 1678777661359, "stop": 1678777664600}, {"name": "When Create your account is selected in the Login menu", "status": "broken", "statusDetails": {"message": "selenium.common.exceptions.NoSuchElementException: Message: no such element: Unable to locate element: {\"method\":\"xpath\",\"selector\":\"//h6[@class='css-nmgvwj-H6-StyledH6 e1l7v5xe2']\"}\n  (Session info: chrome=111.0.5563.64)\nStacktrace:\nBacktrace:\n\t(No symbol) [0x0118DCE3]\n\t(No symbol) [0x011239D1]\n\t(No symbol) [0x01034DA8]\n\t(No symbol) [0x0106019F]\n\t(No symbol) [0x010603AB]\n\t(No symbol) [0x0108EE62]\n\t(No symbol) [0x0107AF14]\n\t(No symbol) [0x0108D57C]\n\t(No symbol) [0x0107ACC6]\n\t(No symbol) [0x01056F68]\n\t(No symbol) [0x010580CD]\n\tGetHandleVerifier [0x01403832+2506274]\n\tGetHandleVerifier [0x01439794+2727300]\n\tGetHandleVerifier [0x0143E36C+2746716]\n\tGetHandleVerifier [0x01236690+617600]\n\t(No symbol) [0x0112C712]\n\t(No symbol) [0x01131FF8]\n\t(No symbol) [0x011320DB]\n\t(No symbol) [0x0113C63B]\n\tBaseThreadInitThunk [0x75DA6BD9+25]\n\tRtlGetFullPathName_UEx [0x772A8FD2+1218]\n\tRtlGetFullPathName_UEx [0x772A8F9D+1165]\n\n", "trace": "  File \"C:\\Users\\RAMPRK\\PycharmProjects\\pythonBDD\\venv\\Lib\\site-packages\\behave\\model.py\", line 1329, in run\n    match.run(runner.context)\n  File \"C:\\Users\\RAMPRK\\PycharmProjects\\pythonBDD\\venv\\Lib\\site-packages\\behave\\matchers.py\", line 98, in run\n    self.func(context, *args, **kwargs)\n  File \"features\\steps\\signin.py\", line 23, in step_impl\n    context.driver.find_element(By.XPATH, \"//h6[@class='css-nmgvwj-H6-StyledH6 e1l7v5xe2']\").click()\n    ^^^^^^^^^^^^^^^^^^^^^^^^^^^^^^^^^^^^^^^^^^^^^^^^^^^^^^^^^^^^^^^^^^^^^^^^^^^^^^^^^^^^^^^^\n  File \"C:\\Users\\RAMPRK\\PycharmProjects\\pythonBDD\\venv\\Lib\\site-packages\\selenium\\webdriver\\remote\\webdriver.py\", line 830, in find_element\n    return self.execute(Command.FIND_ELEMENT, {\"using\": by, \"value\": value})[\"value\"]\n           ^^^^^^^^^^^^^^^^^^^^^^^^^^^^^^^^^^^^^^^^^^^^^^^^^^^^^^^^^^^^^^^^^\n  File \"C:\\Users\\RAMPRK\\PycharmProjects\\pythonBDD\\venv\\Lib\\site-packages\\selenium\\webdriver\\remote\\webdriver.py\", line 440, in execute\n    self.error_handler.check_response(response)\n  File \"C:\\Users\\RAMPRK\\PycharmProjects\\pythonBDD\\venv\\Lib\\site-packages\\selenium\\webdriver\\remote\\errorhandler.py\", line 245, in check_response\n    raise exception_class(message, screen, stacktrace)\n"}, "start": 1678777664600, "stop": 1678777664653}, {"name": "When The country dropdown gets clicked", "status": "skipped", "start": 1678777664657, "stop": 1678777664657}, {"name": "When India with the appropriate mobile extension is selected", "status": "skipped", "start": 1678777664657, "stop": 1678777664657}, {"name": "Then A valid mobile number sequence is entered (9600415148)", "status": "skipped", "start": 1678777664657, "stop": 1678777664657}, {"name": "And The Continue button is clicked", "status": "skipped", "start": 1678777664657, "stop": 1678777664657}, {"name": "Then It proceeds to the OTP page & invalid OTP sequence is entered (nodata)", "status": "skipped", "start": 1678777664657, "stop": 1678777664657}, {"name": "And The Submit button is clicked", "status": "skipped", "start": 1678777664657, "stop": 1678777664657}, {"name": "Then It stays in the OTP page", "status": "skipped", "start": 1678777664657, "stop": 1678777664657}], "start": 1678777653418, "stop": 1678777664657, "uuid": "b907a22b-226a-48ab-bb84-89d54f73ce24", "historyId": "cbdd01ed36f14b59fbf1034024ef6048", "fullName": "Signin module: Signup using valid mobile number invalid OTP9", "labels": [{"name": "severity", "value": "normal"}, {"name": "feature", "value": "Signin module"}, {"name": "framework", "value": "behave"}, {"name": "language", "value": "cpython3"}]}